mode: set
github.com/suryanshu-09/hof/hof.go:12.62,13.34 1 1
github.com/suryanshu-09/hof/hof.go:13.34,14.25 1 1
github.com/suryanshu-09/hof/hof.go:14.25,15.28 1 1
github.com/suryanshu-09/hof/hof.go:15.28,17.5 1 1
github.com/suryanshu-09/hof/hof.go:23.62,24.34 1 1
github.com/suryanshu-09/hof/hof.go:24.34,25.25 1 1
github.com/suryanshu-09/hof/hof.go:25.25,26.17 1 1
github.com/suryanshu-09/hof/hof.go:26.17,27.18 1 1
github.com/suryanshu-09/hof/hof.go:27.18,29.6 1 1
github.com/suryanshu-09/hof/hof.go:36.63,38.24 2 1
github.com/suryanshu-09/hof/hof.go:38.24,40.3 1 1
github.com/suryanshu-09/hof/hof.go:41.2,41.12 1 1
github.com/suryanshu-09/hof/hof.go:45.42,46.24 1 1
github.com/suryanshu-09/hof/hof.go:46.24,48.3 1 1
github.com/suryanshu-09/hof/hof.go:52.54,54.24 2 1
github.com/suryanshu-09/hof/hof.go:54.24,55.12 1 1
github.com/suryanshu-09/hof/hof.go:55.12,57.4 1 1
github.com/suryanshu-09/hof/hof.go:59.2,59.19 1 1
github.com/suryanshu-09/hof/hof.go:63.49,65.2 1 1
github.com/suryanshu-09/hof/hof.go:68.50,69.24 1 1
github.com/suryanshu-09/hof/hof.go:69.24,70.13 1 1
github.com/suryanshu-09/hof/hof.go:70.13,72.4 1 1
github.com/suryanshu-09/hof/hof.go:74.2,74.13 1 1
github.com/suryanshu-09/hof/hof.go:86.44,87.34 1 1
github.com/suryanshu-09/hof/hof.go:87.34,88.25 1 1
github.com/suryanshu-09/hof/hof.go:88.25,89.21 1 1
github.com/suryanshu-09/hof/hof.go:89.21,91.5 1 1
github.com/suryanshu-09/hof/hof.go:97.42,98.34 1 1
github.com/suryanshu-09/hof/hof.go:98.34,99.25 1 1
github.com/suryanshu-09/hof/hof.go:99.25,100.25 1 1
github.com/suryanshu-09/hof/hof.go:100.25,102.5 1 1
github.com/suryanshu-09/hof/hof.go:108.31,110.24 2 1
github.com/suryanshu-09/hof/hof.go:110.24,112.3 1 1
github.com/suryanshu-09/hof/hof.go:113.2,113.12 1 1
github.com/suryanshu-09/hof/hof.go:117.41,119.24 2 1
github.com/suryanshu-09/hof/hof.go:119.24,121.3 1 1
github.com/suryanshu-09/hof/hof.go:122.2,122.41 1 1
github.com/suryanshu-09/hof/hof.go:126.31,127.18 1 1
github.com/suryanshu-09/hof/hof.go:128.9,130.14 2 1
github.com/suryanshu-09/hof/hof.go:131.9,132.16 1 1
github.com/suryanshu-09/hof/hof.go:133.10,135.25 2 1
github.com/suryanshu-09/hof/hof.go:135.25,136.16 1 1
github.com/suryanshu-09/hof/hof.go:136.16,138.5 1 1
github.com/suryanshu-09/hof/hof.go:140.3,140.14 1 1
github.com/suryanshu-09/hof/hof.go:145.31,146.18 1 1
github.com/suryanshu-09/hof/hof.go:147.9,149.14 2 1
github.com/suryanshu-09/hof/hof.go:150.9,151.16 1 1
github.com/suryanshu-09/hof/hof.go:152.10,154.25 2 1
github.com/suryanshu-09/hof/hof.go:154.25,155.16 1 1
github.com/suryanshu-09/hof/hof.go:155.16,157.5 1 1
github.com/suryanshu-09/hof/hof.go:159.3,159.14 1 1
github.com/suryanshu-09/hof/hof.go:166.71,168.24 2 1
github.com/suryanshu-09/hof/hof.go:168.24,171.3 2 1
github.com/suryanshu-09/hof/hof.go:172.2,172.15 1 1
github.com/suryanshu-09/hof/hof.go:176.60,178.24 2 1
github.com/suryanshu-09/hof/hof.go:178.24,179.12 1 1
github.com/suryanshu-09/hof/hof.go:179.12,181.4 1 1
github.com/suryanshu-09/hof/hof.go:181.9,183.4 1 1
github.com/suryanshu-09/hof/hof.go:185.2,185.22 1 1
github.com/suryanshu-09/hof/hof.go:189.40,192.24 3 1
github.com/suryanshu-09/hof/hof.go:192.24,193.28 1 1
github.com/suryanshu-09/hof/hof.go:193.28,196.4 2 1
github.com/suryanshu-09/hof/hof.go:198.2,198.15 1 1
github.com/suryanshu-09/hof/hof.go:202.43,206.25 4 1
github.com/suryanshu-09/hof/hof.go:206.25,208.3 1 1
github.com/suryanshu-09/hof/hof.go:209.2,209.15 1 1
github.com/suryanshu-09/hof/hof.go:213.49,216.29 3 1
github.com/suryanshu-09/hof/hof.go:216.29,219.3 2 1
github.com/suryanshu-09/hof/hof.go:220.2,220.21 1 1
github.com/suryanshu-09/hof/hof.go:224.57,226.24 2 1
github.com/suryanshu-09/hof/hof.go:226.24,228.3 1 1
github.com/suryanshu-09/hof/hof.go:229.2,229.15 1 1
github.com/suryanshu-09/hof/hof.go:233.44,234.15 1 1
github.com/suryanshu-09/hof/hof.go:234.15,236.3 1 1
github.com/suryanshu-09/hof/hof.go:237.2,238.38 2 1
github.com/suryanshu-09/hof/hof.go:238.38,242.3 3 1
github.com/suryanshu-09/hof/hof.go:243.2,243.15 1 1
github.com/suryanshu-09/hof/hof.go:249.63,250.21 1 1
github.com/suryanshu-09/hof/hof.go:250.21,252.3 1 1
github.com/suryanshu-09/hof/hof.go:256.60,257.21 1 1
github.com/suryanshu-09/hof/hof.go:257.21,259.3 1 1
github.com/suryanshu-09/hof/hof.go:263.60,264.29 1 1
github.com/suryanshu-09/hof/hof.go:264.29,265.22 1 1
github.com/suryanshu-09/hof/hof.go:265.22,267.4 1 1
